Using pre-set license
Built from '2020.3/staging' branch; Version is '2020.3.8f1 (507919d4fff5) revision 5273881'; Using compiler version '192528614'; Build Type 'Release'
OS: 'Windows 10 Home; OS build 19042.985; Version 2009; 64bit' Language: 'en' Physical Memory: 12223 MB
BatchMode: 1, IsHumanControllingUs: 0, StartBugReporterOnCrash: 0, Is64bit: 1, IsPro: 0

 COMMAND LINE ARGUMENTS:
D:\Program Files\2020.3.8f1\Editor\Unity.exe
-adb2
-batchMode
-noUpm
-name
AssetImportWorker0
-projectPath
D:/___School/__ScriptingGA303/GA303-Spring-2021
-logFile
Logs/AssetImportWorker0.log
-srvPort
53408
Successfully changed project path to: D:/___School/__ScriptingGA303/GA303-Spring-2021
D:/___School/__ScriptingGA303/GA303-Spring-2021
Using Asset Import Pipeline V2.
Refreshing native plugins compatible for Editor in 130.53 ms, found 0 plugins.
Preloading 0 native plugins for Editor in 0.00 ms.
Initialize engine version: 2020.3.8f1 (507919d4fff5)
[Subsystems] Discovering subsystems at path D:/Program Files/2020.3.8f1/Editor/Data/Resources/UnitySubsystems
[Subsystems] Discovering subsystems at path D:/___School/__ScriptingGA303/GA303-Spring-2021/Assets
GfxDevice: creating device client; threaded=0
Direct3D:
    Version:  Direct3D 11.0 [level 11.1]
    Renderer: NVIDIA GeForce GTX 1060 (ID=0x1c60)
    Vendor:   
    VRAM:     6052 MB
    Driver:   27.21.14.5730
Initialize mono
Mono path[0] = 'D:/Program Files/2020.3.8f1/Editor/Data/Managed'
Mono path[1] = 'D:/Program Files/2020.3.8f1/Editor/Data/MonoBleedingEdge/lib/mono/unityjit'
Mono config path = 'D:/Program Files/2020.3.8f1/Editor/Data/MonoBleedingEdge/etc'
Using monoOptions --debugger-agent=transport=dt_socket,embedding=1,server=y,suspend=n,address=127.0.0.1:56800
Begin MonoManager ReloadAssembly
Registering precompiled unity dll's ...
Register platform support module: D:/Program Files/2020.3.8f1/Editor/Data/PlaybackEngines/WebGLSupport/UnityEditor.WebGL.Extensions.dll
Register platform support module: D:/Program Files/2020.3.8f1/Editor/Data/PlaybackEngines/WindowsStandaloneSupport/UnityEditor.WindowsStandalone.Extensions.dll
Registered in 0.002046 seconds.
Native extension for WindowsStandalone target not found
Native extension for WebGL target not found
Refreshing native plugins compatible for Editor in 37.93 ms, found 0 plugins.
Preloading 0 native plugins for Editor in 0.00 ms.
Mono: successfully reloaded assembly
- Completed reload, in  2.163 seconds
Platform modules already initialized, skipping
Registering precompiled user dll's ...
Registered in 0.000978 seconds.
Begin MonoManager ReloadAssembly
Native extension for WindowsStandalone target not found
Native extension for WebGL target not found
Refreshing native plugins compatible for Editor in 0.37 ms, found 0 plugins.
Preloading 0 native plugins for Editor in 0.00 ms.
Mono: successfully reloaded assembly
- Completed reload, in  1.200 seconds
Platform modules already initialized, skipping
========================================================================
Worker process is ready to serve import requests
Launched and connected shader compiler UnityShaderCompiler.exe after 0.13 seconds
Refreshing native plugins compatible for Editor in 0.30 ms, found 0 plugins.
Preloading 0 native plugins for Editor in 0.00 ms.
Unloading 1167 Unused Serialized files (Serialized files now loaded: 0)
System memory in use before: 60.3 MB.
System memory in use after: 60.4 MB.

Unloading 9 unused Assets to reduce memory usage. Loaded Objects now: 1611.
Total: 1.944800 ms (FindLiveObjects: 0.142600 ms CreateObjectMapping: 0.039300 ms MarkObjects: 1.657400 ms  DeleteObjects: 0.104500 ms)

AssetImportParameters requested are different than current active one (requested -> active):
  requireTextureImportCompression: false -> true
========================================================================
Received Import Request.
  path: Assets/Scenes/ProjectCraftsman.unity
  artifactKey: Guid(e165ec4efeedb434b9c2a91224a09488) Importer(815301076,1909f56bfc062723c751e8b465ee728b)
Start importing Assets/Scenes/ProjectCraftsman.unity using Guid(e165ec4efeedb434b9c2a91224a09488) Importer(815301076,1909f56bfc062723c751e8b465ee728b)  -> (artifact id: '29e0ac7d55b01405a4a0341a83d542ae') in 0.019274 seconds
  Import took 0.022318 seconds .

========================================================================
Received Import Request.
  Time since last request: 24.138941 seconds.
  path: Assets/Scenes/LoadingScreen.unity
  artifactKey: Guid(56cd98ac76eac7d40a3bafb7582603f1) Importer(815301076,1909f56bfc062723c751e8b465ee728b)
Start importing Assets/Scenes/LoadingScreen.unity using Guid(56cd98ac76eac7d40a3bafb7582603f1) Importer(815301076,1909f56bfc062723c751e8b465ee728b)  -> (artifact id: '90afb86aa66e417065f140602814f914') in 0.006700 seconds
  Import took 0.009954 seconds .

========================================================================
Received Import Request.
  Time since last request: 0.005159 seconds.
  path: Assets/Scenes/LoadingScreen.unity
  artifactKey: Guid(56cd98ac76eac7d40a3bafb7582603f1) Importer(815301076,1909f56bfc062723c751e8b465ee728b)
Start importing Assets/Scenes/LoadingScreen.unity using Guid(56cd98ac76eac7d40a3bafb7582603f1) Importer(815301076,1909f56bfc062723c751e8b465ee728b)  -> (artifact id: '90afb86aa66e417065f140602814f914') in 0.006156 seconds
  Import took 0.009722 seconds .

========================================================================
Received Import Request.
  Time since last request: 7.920175 seconds.
  path: Assets/Scenes/LaunchScreen.unity
  artifactKey: Guid(b12876b37f7b8cf48a4c859545aae067) Importer(815301076,1909f56bfc062723c751e8b465ee728b)
Start importing Assets/Scenes/LaunchScreen.unity using Guid(b12876b37f7b8cf48a4c859545aae067) Importer(815301076,1909f56bfc062723c751e8b465ee728b)  -> (artifact id: '9fed43acf568521129cd9fd708e6b091') in 0.006839 seconds
  Import took 0.010314 seconds .

========================================================================
Received Import Request.
  Time since last request: 0.003593 seconds.
  path: Assets/Scenes/LaunchScreen.unity
  artifactKey: Guid(b12876b37f7b8cf48a4c859545aae067) Importer(815301076,1909f56bfc062723c751e8b465ee728b)
Start importing Assets/Scenes/LaunchScreen.unity using Guid(b12876b37f7b8cf48a4c859545aae067) Importer(815301076,1909f56bfc062723c751e8b465ee728b)  -> (artifact id: '9fed43acf568521129cd9fd708e6b091') in 0.006723 seconds
  Import took 0.009633 seconds .

========================================================================
Received Import Request.
  Time since last request: 156.887114 seconds.
  path: Assets/Scripts/Systems/Crafting/CraftingCtrl.cs
  artifactKey: Guid(5eb7badcefc25b941a710cf6b68b0310) Importer(815301076,1909f56bfc062723c751e8b465ee728b)
Start importing Assets/Scripts/Systems/Crafting/CraftingCtrl.cs using Guid(5eb7badcefc25b941a710cf6b68b0310) Importer(815301076,1909f56bfc062723c751e8b465ee728b)  -> (artifact id: '9b6d58832ee597951cbe3a85e8f81a83') in 0.162744 seconds
  Import took 0.165612 seconds .

========================================================================
Received Prepare
Registering precompiled user dll's ...
Registered in 0.001520 seconds.
Begin MonoManager ReloadAssembly
Native extension for WindowsStandalone target not found
Native extension for WebGL target not found
Refreshing native plugins compatible for Editor in 0.32 ms, found 0 plugins.
Preloading 0 native plugins for Editor in 0.00 ms.
Mono: successfully reloaded assembly
- Completed reload, in  1.368 seconds
Platform modules already initialized, skipping
Refreshing native plugins compatible for Editor in 0.29 ms, found 0 plugins.
Preloading 0 native plugins for Editor in 0.00 ms.
Unloading 1148 Unused Serialized files (Serialized files now loaded: 0)
System memory in use before: 59.0 MB.
System memory in use after: 59.1 MB.

Unloading 4 unused Assets to reduce memory usage. Loaded Objects now: 1614.
Total: 1.796800 ms (FindLiveObjects: 0.209400 ms CreateObjectMapping: 0.064300 ms MarkObjects: 1.504800 ms  DeleteObjects: 0.016700 ms)

AssetImportParameters requested are different than current active one (requested -> active):
  requireTextureImportCompression: false -> true
========================================================================
Received Import Request.
  Time since last request: 104.588496 seconds.
  path: Assets/Resources/Scriptable Objects/PlayerInventory.asset
  artifactKey: Guid(c69471b317714734ba5de512f34ffd61) Importer(815301076,1909f56bfc062723c751e8b465ee728b)
Start importing Assets/Resources/Scriptable Objects/PlayerInventory.asset using Guid(c69471b317714734ba5de512f34ffd61) Importer(815301076,1909f56bfc062723c751e8b465ee728b)  -> (artifact id: '981617cc89b99376b6f657fe20708028') in 0.025915 seconds
  Import took 0.028776 seconds .

========================================================================
Received Import Request.
  Time since last request: 0.002804 seconds.
  path: Assets/Resources/Scriptable Objects/PlayerInventory.asset
  artifactKey: Guid(c69471b317714734ba5de512f34ffd61) Importer(815301076,1909f56bfc062723c751e8b465ee728b)
Start importing Assets/Resources/Scriptable Objects/PlayerInventory.asset using Guid(c69471b317714734ba5de512f34ffd61) Importer(815301076,1909f56bfc062723c751e8b465ee728b)  -> (artifact id: '981617cc89b99376b6f657fe20708028') in 0.008056 seconds
  Import took 0.010708 seconds .

========================================================================
Received Import Request.
  Time since last request: 44.728299 seconds.
  path: Assets/Resources/Scriptable Objects/Items
  artifactKey: Guid(0e2093c6cc21ea343a079ade5386fcd0) Importer(815301076,1909f56bfc062723c751e8b465ee728b)
Start importing Assets/Resources/Scriptable Objects/Items using Guid(0e2093c6cc21ea343a079ade5386fcd0) Importer(815301076,1909f56bfc062723c751e8b465ee728b)  -> (artifact id: 'b19d41223a80494fb6677638437de64d') in 0.010177 seconds
  Import took 0.013624 seconds .

========================================================================
Received Import Request.
  Time since last request: 78.780929 seconds.
  path: Assets/Scripts/Systems/Containers/Container.cs
  artifactKey: Guid(129cd0b99f78ad94db27ad6b9f572564) Importer(815301076,1909f56bfc062723c751e8b465ee728b)
Start importing Assets/Scripts/Systems/Containers/Container.cs using Guid(129cd0b99f78ad94db27ad6b9f572564) Importer(815301076,1909f56bfc062723c751e8b465ee728b)  -> (artifact id: '823ddde7d805341eff0a4d86b08893cc') in 0.009296 seconds
  Import took 0.013641 seconds .

========================================================================
Received Import Request.
  Time since last request: 0.774954 seconds.
  path: Assets/Scripts/Systems/Containers/Inventory.cs
  artifactKey: Guid(23263816f574d8249bee3135471ad66d) Importer(815301076,1909f56bfc062723c751e8b465ee728b)
Start importing Assets/Scripts/Systems/Containers/Inventory.cs using Guid(23263816f574d8249bee3135471ad66d) Importer(815301076,1909f56bfc062723c751e8b465ee728b)  -> (artifact id: '2cb2a2fb4d5723da9940ade9e61790dc') in 0.009600 seconds
  Import took 0.013563 seconds .

========================================================================
Received Prepare
Registering precompiled user dll's ...
Registered in 0.002517 seconds.
Begin MonoManager ReloadAssembly
Native extension for WindowsStandalone target not found
Native extension for WebGL target not found
Refreshing native plugins compatible for Editor in 0.32 ms, found 0 plugins.
Preloading 0 native plugins for Editor in 0.00 ms.
Mono: successfully reloaded assembly
- Completed reload, in  1.301 seconds
Platform modules already initialized, skipping
Refreshing native plugins compatible for Editor in 0.33 ms, found 0 plugins.
Preloading 0 native plugins for Editor in 0.00 ms.
Unloading 1148 Unused Serialized files (Serialized files now loaded: 0)
System memory in use before: 59.0 MB.
System memory in use after: 59.1 MB.

Unloading 4 unused Assets to reduce memory usage. Loaded Objects now: 1617.
Total: 2.228600 ms (FindLiveObjects: 0.149500 ms CreateObjectMapping: 0.045600 ms MarkObjects: 2.013900 ms  DeleteObjects: 0.018300 ms)

AssetImportParameters requested are different than current active one (requested -> active):
  requireTextureImportCompression: false -> true
========================================================================
Received Prepare
Registering precompiled user dll's ...
Registered in 0.001228 seconds.
Begin MonoManager ReloadAssembly
Native extension for WindowsStandalone target not found
Native extension for WebGL target not found
Refreshing native plugins compatible for Editor in 0.27 ms, found 0 plugins.
Preloading 0 native plugins for Editor in 0.00 ms.
Mono: successfully reloaded assembly
- Completed reload, in  1.163 seconds
Platform modules already initialized, skipping
Refreshing native plugins compatible for Editor in 0.60 ms, found 0 plugins.
Preloading 0 native plugins for Editor in 0.00 ms.
Unloading 1148 Unused Serialized files (Serialized files now loaded: 0)
System memory in use before: 59.1 MB.
System memory in use after: 59.1 MB.

Unloading 4 unused Assets to reduce memory usage. Loaded Objects now: 1620.
Total: 1.820000 ms (FindLiveObjects: 0.184700 ms CreateObjectMapping: 0.051300 ms MarkObjects: 1.550100 ms  DeleteObjects: 0.032500 ms)

AssetImportParameters requested are different than current active one (requested -> active):
  requireTextureImportCompression: false -> true
========================================================================
Received Prepare
Registering precompiled user dll's ...
Registered in 0.000995 seconds.
Begin MonoManager ReloadAssembly
Native extension for WindowsStandalone target not found
Native extension for WebGL target not found
Refreshing native plugins compatible for Editor in 0.36 ms, found 0 plugins.
Preloading 0 native plugins for Editor in 0.00 ms.
Mono: successfully reloaded assembly
- Completed reload, in  1.142 seconds
Platform modules already initialized, skipping
Refreshing native plugins compatible for Editor in 0.30 ms, found 0 plugins.
Preloading 0 native plugins for Editor in 0.00 ms.
Unloading 1148 Unused Serialized files (Serialized files now loaded: 0)
System memory in use before: 59.1 MB.
System memory in use after: 59.2 MB.

Unloading 4 unused Assets to reduce memory usage. Loaded Objects now: 1623.
Total: 3.291300 ms (FindLiveObjects: 0.364400 ms CreateObjectMapping: 0.109600 ms MarkObjects: 2.767300 ms  DeleteObjects: 0.048400 ms)

AssetImportParameters requested are different than current active one (requested -> active):
  requireTextureImportCompression: false -> true
========================================================================
Received Prepare
Registering precompiled user dll's ...
Registered in 0.001177 seconds.
Begin MonoManager ReloadAssembly
Native extension for WindowsStandalone target not found
Native extension for WebGL target not found
Refreshing native plugins compatible for Editor in 0.33 ms, found 0 plugins.
Preloading 0 native plugins for Editor in 0.00 ms.
Mono: successfully reloaded assembly
- Completed reload, in  1.448 seconds
Platform modules already initialized, skipping
Refreshing native plugins compatible for Editor in 0.34 ms, found 0 plugins.
Preloading 0 native plugins for Editor in 0.00 ms.
Unloading 1148 Unused Serialized files (Serialized files now loaded: 0)
System memory in use before: 59.1 MB.
System memory in use after: 59.2 MB.

Unloading 4 unused Assets to reduce memory usage. Loaded Objects now: 1626.
Total: 1.891800 ms (FindLiveObjects: 0.149000 ms CreateObjectMapping: 0.046900 ms MarkObjects: 1.678400 ms  DeleteObjects: 0.016000 ms)

AssetImportParameters requested are different than current active one (requested -> active):
  requireTextureImportCompression: false -> true
========================================================================
Received Prepare
Registering precompiled user dll's ...
Registered in 0.001181 seconds.
Begin MonoManager ReloadAssembly
Native extension for WindowsStandalone target not found
Native extension for WebGL target not found
Refreshing native plugins compatible for Editor in 0.29 ms, found 0 plugins.
Preloading 0 native plugins for Editor in 0.00 ms.
Mono: successfully reloaded assembly
- Completed reload, in  1.354 seconds
Platform modules already initialized, skipping
Refreshing native plugins compatible for Editor in 0.32 ms, found 0 plugins.
Preloading 0 native plugins for Editor in 0.00 ms.
Unloading 1148 Unused Serialized files (Serialized files now loaded: 0)
System memory in use before: 59.1 MB.
System memory in use after: 59.2 MB.

Unloading 4 unused Assets to reduce memory usage. Loaded Objects now: 1629.
Total: 4.097100 ms (FindLiveObjects: 0.399900 ms CreateObjectMapping: 0.157400 ms MarkObjects: 3.509000 ms  DeleteObjects: 0.028400 ms)

AssetImportParameters requested are different than current active one (requested -> active):
  requireTextureImportCompression: false -> true
========================================================================
Received Prepare
Registering precompiled user dll's ...
Registered in 0.001299 seconds.
Begin MonoManager ReloadAssembly
Native extension for WindowsStandalone target not found
Native extension for WebGL target not found
Refreshing native plugins compatible for Editor in 0.40 ms, found 0 plugins.
Preloading 0 native plugins for Editor in 0.00 ms.
Mono: successfully reloaded assembly
- Completed reload, in  1.222 seconds
Platform modules already initialized, skipping
Refreshing native plugins compatible for Editor in 0.31 ms, found 0 plugins.
Preloading 0 native plugins for Editor in 0.00 ms.
Unloading 1148 Unused Serialized files (Serialized files now loaded: 0)
System memory in use before: 59.1 MB.
System memory in use after: 59.2 MB.

Unloading 4 unused Assets to reduce memory usage. Loaded Objects now: 1632.
Total: 2.857100 ms (FindLiveObjects: 0.172200 ms CreateObjectMapping: 0.045800 ms MarkObjects: 2.615800 ms  DeleteObjects: 0.022000 ms)

AssetImportParameters requested are different than current active one (requested -> active):
  requireTextureImportCompression: false -> true
========================================================================
Received Prepare
Registering precompiled user dll's ...
Registered in 0.008293 seconds.
Begin MonoManager ReloadAssembly
Native extension for WindowsStandalone target not found
Native extension for WebGL target not found
Refreshing native plugins compatible for Editor in 0.44 ms, found 2 plugins.
Preloading 0 native plugins for Editor in 0.00 ms.
Mono: successfully reloaded assembly
- Completed reload, in  1.360 seconds
Platform modules already initialized, skipping
Refreshing native plugins compatible for Editor in 0.47 ms, found 2 plugins.
Preloading 0 native plugins for Editor in 0.00 ms.
Unloading 1419 Unused Serialized files (Serialized files now loaded: 0)
System memory in use before: 67.6 MB.
System memory in use after: 67.7 MB.

Unloading 13 unused Assets to reduce memory usage. Loaded Objects now: 1897.
Total: 2.606100 ms (FindLiveObjects: 0.273100 ms CreateObjectMapping: 0.062800 ms MarkObjects: 2.229900 ms  DeleteObjects: 0.038600 ms)

AssetImportParameters requested are different than current active one (requested -> active):
  requireTextureImportCompression: false -> true
========================================================================
Received Import Request.
  Time since last request: 1173.918960 seconds.
  path: Assets/Scripts/Systems/UserInterface/UI_WindowFocusDrag.cs
  artifactKey: Guid(82c34db0913179c4f886a0b0c5a5836d) Importer(815301076,1909f56bfc062723c751e8b465ee728b)
Start importing Assets/Scripts/Systems/UserInterface/UI_WindowFocusDrag.cs using Guid(82c34db0913179c4f886a0b0c5a5836d) Importer(815301076,1909f56bfc062723c751e8b465ee728b)  -> (artifact id: '069d37a91d841a3f69627696b4a5c985') in 0.009480 seconds
  Import took 0.012774 seconds .

========================================================================
Received Import Request.
  Time since last request: 0.036128 seconds.
  path: Assets/Scripts/Systems/UserInterface/UI_WindowFocusDrag.cs
  artifactKey: Guid(82c34db0913179c4f886a0b0c5a5836d) Importer(815301076,1909f56bfc062723c751e8b465ee728b)
Start importing Assets/Scripts/Systems/UserInterface/UI_WindowFocusDrag.cs using Guid(82c34db0913179c4f886a0b0c5a5836d) Importer(815301076,1909f56bfc062723c751e8b465ee728b)  -> (artifact id: '069d37a91d841a3f69627696b4a5c985') in 0.005124 seconds
  Import took 0.008345 seconds .

========================================================================
Received Prepare
Registering precompiled user dll's ...
Registered in 0.005628 seconds.
Begin MonoManager ReloadAssembly
Native extension for WindowsStandalone target not found
Native extension for WebGL target not found
Refreshing native plugins compatible for Editor in 0.42 ms, found 2 plugins.
Preloading 0 native plugins for Editor in 0.00 ms.
Mono: successfully reloaded assembly
- Completed reload, in  1.263 seconds
Platform modules already initialized, skipping
Refreshing native plugins compatible for Editor in 0.38 ms, found 2 plugins.
Preloading 0 native plugins for Editor in 0.00 ms.
Unloading 1419 Unused Serialized files (Serialized files now loaded: 0)
System memory in use before: 67.6 MB.
System memory in use after: 67.7 MB.

Unloading 13 unused Assets to reduce memory usage. Loaded Objects now: 1900.
Total: 3.494100 ms (FindLiveObjects: 0.365300 ms CreateObjectMapping: 0.132700 ms MarkObjects: 2.945700 ms  DeleteObjects: 0.049400 ms)

AssetImportParameters requested are different than current active one (requested -> active):
  requireTextureImportCompression: false -> true
========================================================================
Received Import Request.
  Time since last request: 831.320250 seconds.
  path: Assets
  artifactKey: Guid(00000000000000001000000000000000) Importer(815301076,1909f56bfc062723c751e8b465ee728b)
Start importing Assets using Guid(00000000000000001000000000000000) Importer(815301076,1909f56bfc062723c751e8b465ee728b)  -> (artifact id: '42d402b061de3733987d63b9cc3b64de') in 0.010803 seconds
  Import took 0.014581 seconds .

========================================================================
Received Import Request.
  Time since last request: 0.001326 seconds.
  path: Assets
  artifactKey: Guid(00000000000000001000000000000000) Importer(815301076,1909f56bfc062723c751e8b465ee728b)
Start importing Assets using Guid(00000000000000001000000000000000) Importer(815301076,1909f56bfc062723c751e8b465ee728b)  -> (artifact id: '42d402b061de3733987d63b9cc3b64de') in 0.006360 seconds
  Import took 0.010540 seconds .

========================================================================
Received Import Request.
  Time since last request: 9.831972 seconds.
  path: Assets/NOTES.cs
  artifactKey: Guid(b0e8a6e8ce2bfb045a8cb02e66707afb) Importer(815301076,1909f56bfc062723c751e8b465ee728b)
Start importing Assets/NOTES.cs using Guid(b0e8a6e8ce2bfb045a8cb02e66707afb) Importer(815301076,1909f56bfc062723c751e8b465ee728b)  -> (artifact id: 'f04921812c975b0362e97cd9c3138a03') in 0.008143 seconds
  Import took 0.012490 seconds .

========================================================================
Received Prepare
Registering precompiled user dll's ...
Registered in 0.006001 seconds.
Begin MonoManager ReloadAssembly
Native extension for WindowsStandalone target not found
Native extension for WebGL target not found
Refreshing native plugins compatible for Editor in 0.40 ms, found 2 plugins.
Preloading 0 native plugins for Editor in 0.00 ms.
Mono: successfully reloaded assembly
- Completed reload, in  1.427 seconds
Platform modules already initialized, skipping
Refreshing native plugins compatible for Editor in 1.20 ms, found 2 plugins.
Preloading 0 native plugins for Editor in 0.00 ms.
Unloading 1420 Unused Serialized files (Serialized files now loaded: 0)
System memory in use before: 67.7 MB.
System memory in use after: 67.8 MB.

Unloading 13 unused Assets to reduce memory usage. Loaded Objects now: 1904.
Total: 2.713200 ms (FindLiveObjects: 0.159100 ms CreateObjectMapping: 0.054000 ms MarkObjects: 2.459100 ms  DeleteObjects: 0.039700 ms)

AssetImportParameters requested are different than current active one (requested -> active):
  requireTextureImportCompression: false -> true
========================================================================
Received Prepare
Registering precompiled user dll's ...
Registered in 0.006200 seconds.
Begin MonoManager ReloadAssembly
Native extension for WindowsStandalone target not found
Native extension for WebGL target not found
Refreshing native plugins compatible for Editor in 0.68 ms, found 2 plugins.
Preloading 0 native plugins for Editor in 0.00 ms.
Mono: successfully reloaded assembly
- Completed reload, in  1.269 seconds
Platform modules already initialized, skipping
Refreshing native plugins compatible for Editor in 0.40 ms, found 2 plugins.
Preloading 0 native plugins for Editor in 0.00 ms.
Unloading 1420 Unused Serialized files (Serialized files now loaded: 0)
System memory in use before: 67.7 MB.
System memory in use after: 67.8 MB.

Unloading 13 unused Assets to reduce memory usage. Loaded Objects now: 1907.
Total: 2.381600 ms (FindLiveObjects: 0.163700 ms CreateObjectMapping: 0.046200 ms MarkObjects: 2.130100 ms  DeleteObjects: 0.040400 ms)

AssetImportParameters requested are different than current active one (requested -> active):
  requireTextureImportCompression: false -> true
========================================================================
Received Import Request.
  Time since last request: 216.725502 seconds.
  path: Assets/NOTES.cs
  artifactKey: Guid(b0e8a6e8ce2bfb045a8cb02e66707afb) Importer(815301076,1909f56bfc062723c751e8b465ee728b)
Start importing Assets/NOTES.cs using Guid(b0e8a6e8ce2bfb045a8cb02e66707afb) Importer(815301076,1909f56bfc062723c751e8b465ee728b)  -> (artifact id: '6ddb631cfd377c9d5847f25f7b524bb0') in 0.009557 seconds
  Import took 0.012849 seconds .

